Determining if the pthread_create exist failed with the following output:
Change Dir: /home/thomaskahle/course-project-thomaskAHLE/build/CMakeFiles/CMakeTmp

Run Build Command(s):/usr/bin/gmake cmTC_ba214/fast 
/usr/bin/gmake -f CMakeFiles/cmTC_ba214.dir/build.make CMakeFiles/cmTC_ba214.dir/build
gmake[1]: Entering directory '/home/thomaskahle/course-project-thomaskAHLE/build/CMakeFiles/CMakeTmp'
Building CXX object CMakeFiles/cmTC_ba214.dir/CheckSymbolExists.cxx.o
/usr/bin/c++     -o CMakeFiles/cmTC_ba214.dir/CheckSymbolExists.cxx.o -c /home/thomaskahle/course-project-thomaskAHLE/build/CMakeFiles/CMakeTmp/CheckSymbolExists.cxx
Linking CXX executable cmTC_ba214
/usr/bin/cmake -E cmake_link_script CMakeFiles/cmTC_ba214.dir/link.txt --verbose=1
/usr/bin/c++       -rdynamic CMakeFiles/cmTC_ba214.dir/CheckSymbolExists.cxx.o  -o cmTC_ba214 
/usr/bin/ld: CMakeFiles/cmTC_ba214.dir/CheckSymbolExists.cxx.o: in function `main':
CheckSymbolExists.cxx:(.text+0x16): undefined reference to `pthread_create'
collect2: error: ld returned 1 exit status
gmake[1]: *** [CMakeFiles/cmTC_ba214.dir/build.make:87: cmTC_ba214] Error 1
gmake[1]: Leaving directory '/home/thomaskahle/course-project-thomaskAHLE/build/CMakeFiles/CMakeTmp'
gmake: *** [Makefile:121: cmTC_ba214/fast] Error 2

File /home/thomaskahle/course-project-thomaskAHLE/build/CMakeFiles/CMakeTmp/CheckSymbolExists.cxx:
/* */
#include <pthread.h>

int main(int argc, char** argv)
{
  (void)argv;
#ifndef pthread_create
  return ((int*)(&pthread_create))[argc];
#else
  (void)argc;
  return 0;
#endif
}

Determining if the function pthread_create exists in the pthreads failed with the following output:
Change Dir: /home/thomaskahle/course-project-thomaskAHLE/build/CMakeFiles/CMakeTmp

Run Build Command(s):/usr/bin/gmake cmTC_edcf7/fast 
/usr/bin/gmake -f CMakeFiles/cmTC_edcf7.dir/build.make CMakeFiles/cmTC_edcf7.dir/build
gmake[1]: Entering directory '/home/thomaskahle/course-project-thomaskAHLE/build/CMakeFiles/CMakeTmp'
Building CXX object CMakeFiles/cmTC_edcf7.dir/CheckFunctionExists.cxx.o
/usr/bin/c++    -DCHECK_FUNCTION_EXISTS=pthread_create   -o CMakeFiles/cmTC_edcf7.dir/CheckFunctionExists.cxx.o -c /home/thomaskahle/course-project-thomaskAHLE/build/CMakeFiles/CheckLibraryExists/CheckFunctionExists.cxx
Linking CXX executable cmTC_edcf7
/usr/bin/cmake -E cmake_link_script CMakeFiles/cmTC_edcf7.dir/link.txt --verbose=1
/usr/bin/c++   -DCHECK_FUNCTION_EXISTS=pthread_create    -rdynamic CMakeFiles/cmTC_edcf7.dir/CheckFunctionExists.cxx.o  -o cmTC_edcf7 -lpthreads 
/usr/bin/ld: cannot find -lpthreads
collect2: error: ld returned 1 exit status
gmake[1]: *** [CMakeFiles/cmTC_edcf7.dir/build.make:87: cmTC_edcf7] Error 1
gmake[1]: Leaving directory '/home/thomaskahle/course-project-thomaskAHLE/build/CMakeFiles/CMakeTmp'
gmake: *** [Makefile:121: cmTC_edcf7/fast] Error 2


